<?xml version="1.0" encoding="UTF-8" ?>
<testsuite tests="6" failures="1" name="com.mycompany.newlabyrinth.GameTest" time="0.026" errors="0" skipped="0">
  <properties>
[...]
</properties>
  <testcase classname="com.mycompany.newlabyrinth.GameTest" name="com.mycompany.newlabyrinth.GameTest.testIsEmptySpace" time="0.007"/>
  <testcase classname="com.mycompany.newlabyrinth.GameTest" name="com.mycompany.newlabyrinth.GameTest.testGameMovement" time="0.015">
    <failure message="Index -1 out of bounds for length 0" type="java.lang.IndexOutOfBoundsException">java.lang.IndexOutOfBoundsException: Index -1 out of bounds for length 0
	at java.base/jdk.internal.util.Preconditions.outOfBounds(Preconditions.java:64)
	at java.base/jdk.internal.util.Preconditions.outOfBoundsCheckIndex(Preconditions.java:70)
	at java.base/jdk.internal.util.Preconditions.checkIndex(Preconditions.java:266)
	at java.base/java.util.Objects.checkIndex(Objects.java:359)
	at java.base/java.util.ArrayList.get(ArrayList.java:427)
	at com.mycompany.newlabyrinth.Game.gameMovement(Game.java:117)
	at com.mycompany.newlabyrinth.GameTest.testGameMovement(GameTest.java:55)
</failure>
  </testcase>
  <testcase classname="com.mycompany.newlabyrinth.GameTest" name="com.mycompany.newlabyrinth.GameTest.testFindEntrance" time="0.003"/>
  <testcase classname="com.mycompany.newlabyrinth.GameTest" name="com.mycompany.newlabyrinth.GameTest.testIsExit" time="0.001"/>
  <testcase classname="com.mycompany.newlabyrinth.GameTest" name="com.mycompany.newlabyrinth.GameTest.testReadFromFile" time="0"/>
  <testcase classname="com.mycompany.newlabyrinth.GameTest" name="com.mycompany.newlabyrinth.GameTest.testPrint" time="0"/>
</testsuite>